<?xml version="1.0" encoding="UTF-8"?>
<testng-results skipped="0" failed="0" ignored="0" total="2" passed="2">
  <reporter-output>
  </reporter-output>
  <suite name="Suite" duration-ms="24503" started-at="2022-03-31T11:38:13 IST" finished-at="2022-03-31T11:38:38 IST">
    <groups>
    </groups>
    <test name="DargDropTest" duration-ms="12052" started-at="2022-03-31T11:38:13 IST" finished-at="2022-03-31T11:38:25 IST">
      <class name="actionExample.DragDropExample">
        <test-method status="PASS" signature="dragdropTest1()[pri:0, instance:actionExample.DragDropExample@553f17c]" name="dragdropTest1" duration-ms="11999" started-at="2022-03-31T11:38:13 IST" finished-at="2022-03-31T11:38:25 IST">
          <reporter-output>
          </reporter-output>
        </test-method> <!-- dragdropTest1 -->
      </class> <!-- actionExample.DragDropExample -->
    </test> <!-- DargDropTest -->
    <test name="DargDropTest1" duration-ms="12430" started-at="2022-03-31T11:38:25 IST" finished-at="2022-03-31T11:38:38 IST">
      <class name="actionExample.DragDropExample2">
        <test-method status="PASS" signature="dragdropTest1()[pri:0, instance:actionExample.DragDropExample2@71423665]" name="dragdropTest1" duration-ms="12428" started-at="2022-03-31T11:38:25 IST" finished-at="2022-03-31T11:38:38 IST">
          <reporter-output>
          </reporter-output>
        </test-method> <!-- dragdropTest1 -->
      </class> <!-- actionExample.DragDropExample2 -->
    </test> <!-- DargDropTest1 -->
  </suite> <!-- Suite -->
</testng-results>
